1482548223.784250 client started (4463): socket /private/tmp/tmux-501/default, protocol 8
1482548223.784298 on Darwin 16.3.0 Darwin Kernel Version 16.3.0: Thu Nov 17 20:23:58 PST 2016; root:xnu-3789.31.2~1/RELEASE_X86_64; libevent 2.0.22-stable (select)
1482548223.784360 socket is /private/tmp/tmux-501/default
1482548223.784381 trying connect
1482548223.784410 connect failed: Connection refused
1482548223.784566 lock file is /private/tmp/tmux-501/default.lock
1482548223.784719 flock succeeded
1482548223.784729 got lock (6)
1482548223.784738 trying connect
1482548223.784751 connect failed: Connection refused
1482548223.785215 add peer 0x7fb36201d000: 7 (0x0)
1482548223.786583 sending message 100 to peer 0x7fb36201d000 (4 bytes)
1482548223.786609 sending message 101 to peer 0x7fb36201d000 (15 bytes)
1482548223.786618 sending message 102 to peer 0x7fb36201d000 (13 bytes)
1482548223.786626 sending message 108 to peer 0x7fb36201d000 (29 bytes)
1482548223.786643 sending message 104 to peer 0x7fb36201d000 (0 bytes)
1482548223.786651 sending message 107 to peer 0x7fb36201d000 (4 bytes)
1482548223.786659 sending message 105 to peer 0x7fb36201d000 (60 bytes)
1482548223.786666 sending message 105 to peer 0x7fb36201d000 (66 bytes)
1482548223.786674 sending message 105 to peer 0x7fb36201d000 (76 bytes)
1482548223.786681 sending message 105 to peer 0x7fb36201d000 (14 bytes)
1482548223.786688 sending message 105 to peer 0x7fb36201d000 (18 bytes)
1482548223.786696 sending message 105 to peer 0x7fb36201d000 (14 bytes)
1482548223.786703 sending message 105 to peer 0x7fb36201d000 (17 bytes)
1482548223.786710 sending message 105 to peer 0x7fb36201d000 (33 bytes)
1482548223.786717 sending message 105 to peer 0x7fb36201d000 (15 bytes)
1482548223.786725 sending message 105 to peer 0x7fb36201d000 (28 bytes)
1482548223.786732 sending message 105 to peer 0x7fb36201d000 (23 bytes)
1482548223.786739 sending message 105 to peer 0x7fb36201d000 (226 bytes)
1482548223.786746 sending message 105 to peer 0x7fb36201d000 (20 bytes)
1482548223.786754 sending message 105 to peer 0x7fb36201d000 (22 bytes)
1482548223.786761 sending message 105 to peer 0x7fb36201d000 (57 bytes)
1482548223.786769 sending message 105 to peer 0x7fb36201d000 (15 bytes)
1482548223.786776 sending message 105 to peer 0x7fb36201d000 (19 bytes)
1482548223.786783 sending message 105 to peer 0x7fb36201d000 (18 bytes)
1482548223.786790 sending message 105 to peer 0x7fb36201d000 (61 bytes)
1482548223.786798 sending message 105 to peer 0x7fb36201d000 (38 bytes)
1482548223.786807 sending message 105 to peer 0x7fb36201d000 (8 bytes)
1482548223.786816 sending message 105 to peer 0x7fb36201d000 (29 bytes)
1482548223.786823 sending message 105 to peer 0x7fb36201d000 (32 bytes)
1482548223.786923 sending message 105 to peer 0x7fb36201d000 (11 bytes)
1482548223.786963 sending message 105 to peer 0x7fb36201d000 (8 bytes)
1482548223.787043 sending message 105 to peer 0x7fb36201d000 (32 bytes)
1482548223.787055 sending message 105 to peer 0x7fb36201d000 (21 bytes)
1482548223.787063 sending message 105 to peer 0x7fb36201d000 (28 bytes)
1482548223.787071 sending message 105 to peer 0x7fb36201d000 (31 bytes)
1482548223.787079 sending message 105 to peer 0x7fb36201d000 (39 bytes)
1482548223.787086 sending message 105 to peer 0x7fb36201d000 (20 bytes)
1482548223.787094 sending message 105 to peer 0x7fb36201d000 (17 bytes)
1482548223.787101 sending message 105 to peer 0x7fb36201d000 (22 bytes)
1482548223.787109 sending message 105 to peer 0x7fb36201d000 (20 bytes)
1482548223.787116 sending message 105 to peer 0x7fb36201d000 (28 bytes)
1482548223.787124 sending message 105 to peer 0x7fb36201d000 (47 bytes)
1482548223.787132 sending message 105 to peer 0x7fb36201d000 (92 bytes)
1482548223.787140 sending message 105 to peer 0x7fb36201d000 (53 bytes)
1482548223.787147 sending message 105 to peer 0x7fb36201d000 (53 bytes)
1482548223.787155 sending message 105 to peer 0x7fb36201d000 (24 bytes)
1482548223.787162 sending message 105 to peer 0x7fb36201d000 (20 bytes)
1482548223.787170 sending message 105 to peer 0x7fb36201d000 (14 bytes)
1482548223.787193 sending message 105 to peer 0x7fb36201d000 (15 bytes)
1482548223.787201 sending message 105 to peer 0x7fb36201d000 (27 bytes)
1482548223.787209 sending message 105 to peer 0x7fb36201d000 (18 bytes)
1482548223.787216 sending message 105 to peer 0x7fb36201d000 (14 bytes)
1482548223.787224 sending message 105 to peer 0x7fb36201d000 (18 bytes)
1482548223.787231 sending message 105 to peer 0x7fb36201d000 (20 bytes)
1482548223.787239 sending message 105 to peer 0x7fb36201d000 (11 bytes)
1482548223.787246 sending message 105 to peer 0x7fb36201d000 (16 bytes)
1482548223.787254 sending message 105 to peer 0x7fb36201d000 (15 bytes)
1482548223.787261 sending message 105 to peer 0x7fb36201d000 (15 bytes)
1482548223.787269 sending message 105 to peer 0x7fb36201d000 (15 bytes)
1482548223.787276 sending message 105 to peer 0x7fb36201d000 (23 bytes)
1482548223.787284 sending message 105 to peer 0x7fb36201d000 (15 bytes)
1482548223.787291 sending message 105 to peer 0x7fb36201d000 (17 bytes)
1482548223.787299 sending message 105 to peer 0x7fb36201d000 (9 bytes)
1482548223.787310 sending message 105 to peer 0x7fb36201d000 (17 bytes)
1482548223.787318 sending message 105 to peer 0x7fb36201d000 (14 bytes)
1482548223.787326 sending message 105 to peer 0x7fb36201d000 (18 bytes)
1482548223.787334 sending message 105 to peer 0x7fb36201d000 (10 bytes)
1482548223.787341 sending message 105 to peer 0x7fb36201d000 (22 bytes)
1482548223.787348 sending message 105 to peer 0x7fb36201d000 (17 bytes)
1482548223.787356 sending message 105 to peer 0x7fb36201d000 (15 bytes)
1482548223.787363 sending message 106 to peer 0x7fb36201d000 (0 bytes)
1482548223.787375 sending message 200 to peer 0x7fb36201d000 (4 bytes)
1482548223.787383 client loop enter
1482548224.611121 peer 0x7fb36201d000 message 207
1482548224.611139 sending message 208 to peer 0x7fb36201d000 (0 bytes)
1482548236.026137 peer 0x7fb36201d000 message 203
1482548236.026156 sending message 205 to peer 0x7fb36201d000 (0 bytes)
1482548236.026569 peer 0x7fb36201d000 message 204
1482548236.026586 client loop exit
